[114399][1741110166655][main][info]["Booting Postman 11.33.4, linux-6.12.17-1-lts on x64"]
[114399][1741110166657][main][info]["EventBus~initialize - Success"]
[114399][1741110166657][main][info]["Proxy configuration has not been setup"]
[114399][1741110166658][main][info]["CloudProxyManager~init - Success"]
[114399][1741110166681][main][info]["performShellDataMigration: Starting shell data migration"]
[114399][1741110166681][main][info]["migrateShellData:Starting"]
[114399][1741110166682][main][info]["migrateShellData: Old storage cleaned up"]
[114399][1741110166809][main][info]["migrateShellData: Got data from shell. Writing to storage"]
[114399][1741110166812][main][info]["performShellDataMigration: Migration successful on try count 1"]
[114399][1741110166817][main][info]["UpdateHandler~init - Success"]
[114399][1741110166817][main][info]["LeaderSelection: Initialized successfully"]
[114399][1741110166823][main][info]["GPU detected VID 4098 DID 29772 ACTIVE true"]
[114399][1741110166823][main][info]["shellController~init: Success"]
[114399][1741110166823][main][info]["shellMeta~init: Success"]
[114399][1741110166824][main][info]["partitionMigrationService: State of V7 partition:"]
[114399][1741110166824][main][info]["partitionMigrationService: V7 partitions",[]]
[114399][1741110166824][main][info]["partitionMigrationService~rectifyNamespaceOfScratchPadPartition: There is no partition with scratchpad namespace"]
[114399][1741110166824][main][info]["partitionMigrationService~rectifyNamespaceOfScratchPadPartition: There is no transit partition which could have been used for scratchpad"]
[114399][1741110166824][main][info]["partitionMigrationService~init: Success"]
[114399][1741110166824][main][info]["partitionMigrationService~runV8PartitionsIntegrity: Two way migration~ removing the following partitions from v8",[]]
[114399][1741110166824][main][info]["userPartitionService~_rectifyTheActivePartitionOfApplication: Setting the active partition to ",null]
[114399][1741110166827][main][info]["LinuxAutoUpdater~Cleanup - Initial cleanup successful"]
[114399][1741110166828][main][info]["newAccountRegionPreferenceService~getPreferenceWithFallback - Preference not found in storage."]
[114399][1741110166828][main][info]["newAccountRegionPreferenceService~getToggleMenuTemplate - Using preference:","useUSRegion"]
[114399][1741110166831][main][info]["userPartitionService~init: Success"]
[114399][1741110166835][main][info]["userPartitionService: State of v8 partition system:"]
[114399][1741110166835][main][info]["shell~init~getPartitionToLoad: loading scratchpad partition"]
[114399][1741110166836][main][info]["userPartitionService: List of partitions:",[]]
[114399][1741110166836][main][info]["userPartitionService: users global meta:",{}]
[114399][1741110166838][main][info]["Main:windowManager~newRequesterWindow: Fetch and update runtime config: undefined"]
[114399][1741110168031][main][info]["RuntimeIPCAgent~started: Success"]
[114399][1741110168040][main][info]["Main~scratchpadThemeAction:: action: set, value: dark"]
[114399][1741110168041][main][info]["Main~scratchpadThemeAction:: action: set, value: dark"]
[114399][1741110168047][main][info]["Main~scratchpadThemeAction:: action: set, value: dark"]
[114399][1741110168050][main][info]["UpdateHandler~app-update-events - Received event",{"name":"checkForElectronVersionUpdated","namespace":"appUpdate"}]
[114399][1741110168052][main][info]["windowManager: First requester booted successfully."]
[114399][1741110168053][main][info]["windowManager~restoreWindows: Restoring requester windows"]
[114399][1741110168053][main][info]["WebVersionService: Initialized successfully with version: undefined"]
[114399][1741110168053][main][info]["Main~AppEvents - Received booted event for process requester.Version undefined UI Version: undefined Desktop Platform Version: 11.33.4"]
[114399][1741110176840][main][info]["sendAnalytics: Error while sending request",{"name":"TypeError","message":"fetch failed","stack":"TypeError: fetch failed\n    at node:internal/deps/undici/undici:12502:13\n    at process.processTicksAndRejections (node:internal/process/task_queues:95:5)"}]
[114399][1741110178441][main][info]["UpdateHandler~app-update-events - Received event",{"name":"updateElectron","namespace":"appUpdate","data":{"channel":"stable","version":"11.33.4","downloadVersion":"11.35.0","appId":"ac50d511-cb47-4caf-9899-72c4015d0d2d","userAgent":"Mozilla/5.0 (X11; Linux x86_64) AppleWebKit/537.36 (KHTML, like Gecko) Postman/11.33.4 Electron/31.3.1 Safari/537.36","platform":"LINUX","arch":"64","downloadURL":"https://dl.pstmn.io/download/version/11.35.0/linux_64","updateServerDomain":"https://dl.pstmn.io/","additionalParamsString":"installationId=ac50d511-cb47-4caf-9899-72c4015d0d2d&userId=0&syncEnabled=false&teamPlan=&teamId=0","userId":"0"}}]
[114399][1741110178441][main][info]["LinuxUpdater~downloadUpdate - UpdateInfo received",{"channel":"stable","version":"11.33.4","downloadVersion":"11.35.0","appId":"ac50d511-cb47-4caf-9899-72c4015d0d2d","userAgent":"Mozilla/5.0 (X11; Linux x86_64) AppleWebKit/537.36 (KHTML, like Gecko) Postman/11.33.4 Electron/31.3.1 Safari/537.36","platform":"LINUX","arch":"64","downloadURL":"https://dl.pstmn.io/download/version/11.35.0/linux_64","updateServerDomain":"https://dl.pstmn.io/","additionalParamsString":"installationId=ac50d511-cb47-4caf-9899-72c4015d0d2d&userId=0&syncEnabled=false&teamPlan=&teamId=0","userId":"0"}]
[114399][1741110178499][main][error]["@postman/app-updater: error",{"errno":-13,"code":"EACCES","syscall":"open","path":"/opt/postman/Postman-1741110178441.tar.gz","name":"Error","message":"EACCES: permission denied, open '/opt/postman/Postman-1741110178441.tar.gz'","stack":"Error: EACCES: permission denied, open '/opt/postman/Postman-1741110178441.tar.gz'"},{"context":{"api":"@postman/app-updater","domain":"starship"},"info":"{\"packageName\":\"Postman\",\"eID\":\"Postman-1741110178441\",\"downloadURL\":\"https://dl.pstmn.io/download/version/11.35.0/linux_64\",\"downloadDirectory\":\"/opt/postman\",\"downloadInfo\":{\"status\":\"DOWNLOAD_ERROR\",\"error\":{\"errno\":-13,\"code\":\"EACCES\",\"syscall\":\"open\",\"path\":\"/opt/postman/Postman-1741110178441.tar.gz\"},\"downloadDirectory\":\"/opt/postman\"}}"}]
[114399][1741110178499][main][info]["UpdateHandler~app-update-events - Received event",{"name":"electronAppUpdateError","namespace":"appUpdate","data":{"error":{"errno":-13,"code":"EACCES","syscall":"open","path":"/opt/postman/Postman-1741110178441.tar.gz","name":"Error","message":"EACCES: permission denied, open '/opt/postman/Postman-1741110178441.tar.gz'","stack":"Error: EACCES: permission denied, open '/opt/postman/Postman-1741110178441.tar.gz'"},"updateData":{"packageName":"Postman","eID":"Postman-1741110178441","downloadURL":"https://dl.pstmn.io/download/version/11.35.0/linux_64","downloadDirectory":"/opt/postman","downloadInfo":{"status":"DOWNLOAD_ERROR","error":{"errno":-13,"code":"EACCES","syscall":"open","path":"/opt/postman/Postman-1741110178441.tar.gz"},"downloadDirectory":"/opt/postman"}}}}]
[114399][1741111539822][main][info]["Quitting app"]
[40634][1764456480462][main][info]["Booting Postman 11.73.5, linux-6.12.59-1-lts on x64"]
[40634][1764456480463][main][info]["EventBus~initialize - Success"]
[40634][1764456480464][main][info]["Proxy configuration has not been setup"]
[40634][1764456480465][main][info]["CloudProxyManager~init - Success"]
[40634][1764456480467][main][info]["performShellDataMigration: Migration has already been done. Bailing out"]
[40634][1764456480470][main][info]["UpdateHandler~init - Success"]
[40634][1764456480472][main][info]["LeaderSelection: Initialized successfully"]
[40634][1764456480479][main][info]["GPU detected VID 4098 DID 29772 ACTIVE true"]
[40634][1764456480480][main][info]["main.js: Agent started"]
[40634][1764456480480][main][info]["shellController~init: Success"]
[40634][1764456480480][main][info]["shellMeta~init: Success"]
[40634][1764456480480][main][info]["partitionMigrationService: State of V7 partition:"]
[40634][1764456480480][main][info]["partitionMigrationService: V7 partitions",[]]
[40634][1764456480480][main][info]["partitionMigrationService~rectifyNamespaceOfScratchPadPartition: There is no partition with scratchpad namespace"]
[40634][1764456480481][main][info]["partitionMigrationService~rectifyNamespaceOfScratchPadPartition: There is no transit partition which could have been used for scratchpad"]
[40634][1764456480481][main][info]["partitionMigrationService~init: Success"]
[40634][1764456480481][main][info]["partitionMigrationService~runV8PartitionsIntegrity: Two way migration~ removing the following partitions from v8",[]]
[40634][1764456480481][main][info]["userPartitionService~_rectifyTheActivePartitionOfApplication: Setting the active partition to ",null]
[40634][1764456480483][main][info]["LinuxAutoUpdater~Cleanup - Initial cleanup successful"]
[40634][1764456480484][main][info]["newAccountRegionPreferenceService~getPreferenceWithFallback - Preference not found in storage."]
[40634][1764456480484][main][info]["newAccountRegionPreferenceService~getToggleMenuTemplate - Using preference:","useUSRegion"]
[40634][1764456480486][main][info]["userPartitionService~init: Success"]
[40634][1764456480492][main][info]["userPartitionService: State of v8 partition system:"]
[40634][1764456480492][main][info]["shell~init~getPartitionToLoad: loading scratchpad partition"]
[40634][1764456480492][main][info]["userPartitionService: List of partitions:",[{"partitionId":"f81cb357-fca6-460c-8bad-c3016c0b2705","namespace":"scratchPad","userId":0,"teamId":0,"isDirty":false}]]
[40634][1764456480492][main][info]["userPartitionService: users global meta:",{}]
[40634][1764456480492][main][info]["Main:windowManager~newRequesterWindow: Fetch and update runtime config: undefined"]
[40634][1764456481725][main][info]["RuntimeIPCAgent~started: Success"]
[40634][1764456481736][main][info]["Main~scratchpadThemeAction:: action: set, value: dark"]
[40634][1764456481737][main][info]["Main~scratchpadThemeAction:: action: set, value: dark"]
[40634][1764456481741][main][info]["Main~scratchpadThemeAction:: action: set, value: dark"]
[40634][1764456481746][main][info]["UpdateHandler~app-update-events - Received event",{"name":"checkForElectronVersionUpdated","namespace":"appUpdate"}]
[40634][1764456481746][main][info]["@postman/app-updater: version Updated","11.33.4","11.73.5"]
[40634][1764456481746][main][info]["UpdateHandler~app-update-events - Received event",{"name":"electronVersionUpdated","namespace":"appUpdate","data":{"lastKnownVersion":"11.33.4","currentVersion":"11.73.5"}}]
[40634][1764456481748][main][info]["windowManager: First requester booted successfully."]
[40634][1764456481749][main][info]["windowManager~restoreWindows: Restoring requester windows"]
[40634][1764456481749][main][info]["WebVersionService: Initialized successfully with version: undefined"]
[40634][1764456481749][main][info]["Main~AppEvents - Received booted event for process requester.Version undefined UI Version: undefined Desktop Platform Version: 11.73.5"]
[40634][1764456483288][main][info]["WindowManager~closeHandler - Closed Window (id: 1 )"]
[40634][1764456483298][main][info]["Quitting app"]
[40860][1764456492316][main][info]["Booting Postman 11.73.5, linux-6.12.59-1-lts on x64"]
[40860][1764456492317][main][info]["EventBus~initialize - Success"]
[40860][1764456492320][main][info]["Proxy configuration has not been setup"]
[40860][1764456492320][main][info]["CloudProxyManager~init - Success"]
[40860][1764456492323][main][info]["performShellDataMigration: Migration has already been done. Bailing out"]
[40860][1764456492326][main][info]["UpdateHandler~init - Success"]
[40860][1764456492328][main][info]["LeaderSelection: Initialized successfully"]
[40860][1764456492334][main][info]["GPU detected VID 4098 DID 29772 ACTIVE true"]
[40860][1764456492335][main][info]["main.js: Agent started"]
[40860][1764456492335][main][info]["shellController~init: Success"]
[40860][1764456492335][main][info]["shellMeta~init: Success"]
[40860][1764456492336][main][info]["partitionMigrationService: State of V7 partition:"]
[40860][1764456492336][main][info]["partitionMigrationService: V7 partitions",[]]
[40860][1764456492336][main][info]["partitionMigrationService~rectifyNamespaceOfScratchPadPartition: There is no partition with scratchpad namespace"]
[40860][1764456492336][main][info]["partitionMigrationService~rectifyNamespaceOfScratchPadPartition: There is no transit partition which could have been used for scratchpad"]
[40860][1764456492336][main][info]["partitionMigrationService~init: Success"]
[40860][1764456492336][main][info]["partitionMigrationService~runV8PartitionsIntegrity: Two way migration~ removing the following partitions from v8",[]]
[40860][1764456492336][main][info]["userPartitionService~_rectifyTheActivePartitionOfApplication: Setting the active partition to ",null]
[40860][1764456492338][main][info]["LinuxAutoUpdater~Cleanup - Initial cleanup successful"]
[40860][1764456492338][main][info]["newAccountRegionPreferenceService~getPreferenceWithFallback - Preference not found in storage."]
[40860][1764456492338][main][info]["newAccountRegionPreferenceService~getToggleMenuTemplate - Using preference:","useUSRegion"]
[40860][1764456492341][main][info]["userPartitionService~init: Success"]
[40860][1764456492346][main][info]["userPartitionService: State of v8 partition system:"]
[40860][1764456492346][main][info]["shell~init~getPartitionToLoad: loading scratchpad partition"]
[40860][1764456492346][main][info]["userPartitionService: List of partitions:",[{"partitionId":"f81cb357-fca6-460c-8bad-c3016c0b2705","namespace":"scratchPad","userId":0,"teamId":0,"isDirty":false}]]
[40860][1764456492346][main][info]["userPartitionService: users global meta:",{}]
[40860][1764456492346][main][info]["Main:windowManager~newRequesterWindow: Fetch and update runtime config: undefined"]
[40860][1764456493420][main][info]["RuntimeIPCAgent~started: Success"]
[40860][1764456493434][main][info]["Main~scratchpadThemeAction:: action: set, value: dark"]
[40860][1764456493435][main][info]["Main~scratchpadThemeAction:: action: set, value: dark"]
[40860][1764456493440][main][info]["Main~scratchpadThemeAction:: action: set, value: dark"]
[40860][1764456493444][main][info]["UpdateHandler~app-update-events - Received event",{"name":"checkForElectronVersionUpdated","namespace":"appUpdate"}]
[40860][1764456493446][main][info]["windowManager: First requester booted successfully."]
[40860][1764456493446][main][info]["windowManager~restoreWindows: Restoring requester windows"]
[40860][1764456493446][main][info]["WebVersionService: Initialized successfully with version: undefined"]
[40860][1764456493446][main][info]["Main~AppEvents - Received booted event for process requester.Version undefined UI Version: undefined Desktop Platform Version: 11.73.5"]
[40860][1764456501142][main][info]["WindowManager~closeHandler - Closed Window (id: 1 )"]
[40860][1764456501144][main][info]["Quitting app"]
